
> johan-mamedi-portfolio@1.0.0 dev
> vite --host 127.0.0.1 --port 5175


  [32m[1mVITE[22m v6.4.3[39m  [2mready in [0m[1m597[22m[2m[0m ms[22m

  [32m➜[39m  [1mLocal[22m:   [36mhttp://127.0.0.1:[1m5175[22m/[39m
[2m15:10:30[22m [36m[1m[vite][22m[39m [90m[2m(client)[22m[39m [32mhmr update [39m[2m/src/components/VideoCarousel.tsx, /src/styles/index.css[22m
[2m15:10:45[22m [36m[1m[vite][22m[39m [90m[2m(client)[22m[39m [32mhmr update [39m[2m/src/components/EditorWorkspace.tsx, /src/styles/index.css[22m
[2m15:11:08[22m [36m[1m[vite][22m[39m [90m[2m(client)[22m[39m [32mhmr update [39m[2m/src/App.tsx, /src/styles/index.css[22m
[2m15:11:26[22m [36m[1m[vite][22m[39m [90m[2m(client)[22m[39m [32mhmr update [39m[2m/src/App.tsx, /src/styles/index.css, /src/sections/FAQ.tsx, /src/sections/Workspace.tsx, /src/sections/About.tsx, /src/components/VideoModal.tsx, /src/sections/Contact.tsx, /src/sections/Hero.tsx, /src/components/FAQAccordion.tsx, /src/components/VideoCarousel.tsx[22m
[2m15:11:39[22m [36m[1m[vite][22m[39m [90m[2m(client)[22m[39m [32mhmr update [39m[2m/src/styles/index.css, /src/components/VideoModal.tsx, /src/components/VideoCarousel.tsx[22m
[2m15:13:10[22m [36m[1m[vite][22m[39m [90m[2m(client)[22m[39m [32mhmr update [39m[2m/src/styles/index.css[22m
[2m15:13:36[22m [36m[1m[vite][22m[39m [90m[2m(client)[22m[39m [32mhmr update [39m[2m/src/styles/index.css[22m
[2m15:13:53[22m [36m[1m[vite][22m[39m [90m[2m(client)[22m[39m [32mhmr update [39m[2m/src/App.tsx, /src/styles/index.css[22m
[2m15:35:50[22m [36m[1m[vite][22m[39m [90m[2m(client)[22m[39m [32mhmr update [39m[2m/src/components/IntroOverlay.tsx, /src/styles/index.css[22m
[2m15:36:20[22m [36m[1m[vite][22m[39m [90m[2m(client)[22m[39m [32mhmr update [39m[2m/src/styles/index.css[22m
[2m15:37:37[22m [36m[1m[vite][22m[39m [90m[2m(client)[22m[39m [32mhmr update [39m[2m/src/styles/index.css[22m
[2m15:38:17[22m [36m[1m[vite][22m[39m [90m[2m(client)[22m[39m [32mhmr update [39m[2m/src/styles/index.css[22m
[2m15:38:47[22m [36m[1m[vite][22m[39m [90m[2m(client)[22m[39m [32mhmr update [39m[2m/src/App.tsx, /src/styles/index.css[22m
[2m15:39:43[22m [36m[1m[vite][22m[39m [90m[2m(client)[22m[39m [32mhmr update [39m[2m/src/App.tsx, /src/styles/index.css[22m
[2m15:40:35[22m [36m[1m[vite][22m[39m [90m[2m(client)[22m[39m [32mhmr update [39m[2m/src/components/EditorWorkspace.tsx, /src/styles/index.css[22m
[2m15:41:08[22m [36m[1m[vite][22m[39m [90m[2m(client)[22m[39m [32mhmr update [39m[2m/src/styles/index.css[22m
[2m15:41:19[22m [36m[1m[vite][22m[39m [90m[2m(client)[22m[39m [32mhmr update [39m[2m/src/styles/index.css[22m
